# JRE version: OpenJDK Runtime Environment (11.0.8+10) (build 11.0.8+10-b944.6842174)
# Java VM: OpenJDK 64-Bit Server VM (11.0.8+10-b944.6842174, mixed mode, tiered, compressed oops, g1 gc, windows-amd64)
Heap:
 garbage-first heap   total 227328K, used 116525K [0x0000000080000000, 0x0000000100000000)
  region size 1024K, 43 young (44032K), 10 survivors (10240K)
 Metaspace       used 88090K, capacity 90210K, committed 90496K, reserved 1128448K
  class space    used 11289K, capacity 12043K, committed 12160K, reserved 1048576K
GC Heap History (20 events):
Event: 4.940 GC heap before
{Heap before GC invocations=9 (full 0):
 garbage-first heap   total 157696K, used 110457K [0x0000000080000000, 0x0000000100000000)
  region size 1024K, 92 young (94208K), 9 survivors (9216K)
 Metaspace       used 42297K, capacity 43307K, committed 43520K, reserved 1087488K
  class space    used 5441K, capacity 5830K, committed 5888K, reserved 1048576K
}
Event: 4.955 GC heap after
{Heap after GC invocations=10 (full 0):
 garbage-first heap   total 157696K, used 27488K [0x0000000080000000, 0x0000000100000000)
  region size 1024K, 12 young (12288K), 12 survivors (12288K)
 Metaspace       used 42297K, capacity 43307K, committed 43520K, reserved 1087488K
  class space    used 5441K, capacity 5830K, committed 5888K, reserved 1048576K
}
Event: 6.259 GC heap before
{Heap before GC invocations=10 (full 0):
 garbage-first heap   total 157696K, used 115552K [0x0000000080000000, 0x0000000100000000)
  region size 1024K, 92 young (94208K), 12 survivors (12288K)
 Metaspace       used 45398K, capacity 46582K, committed 46848K, reserved 1089536K
  class space    used 5820K, capacity 6281K, committed 6400K, reserved 1048576K
}
Event: 6.285 GC heap after
{Heap after GC invocations=11 (full 0):
 garbage-first heap   total 157696K, used 45039K [0x0000000080000000, 0x0000000100000000)
  region size 1024K, 12 young (12288K), 12 survivors (12288K)
 Metaspace       used 45398K, capacity 46582K, committed 46848K, reserved 1089536K
  class space    used 5820K, capacity 6281K, committed 6400K, reserved 1048576K
}
Event: 7.294 GC heap before
{Heap before GC invocations=11 (full 0):
 garbage-first heap   total 157696K, used 113647K [0x0000000080000000, 0x0000000100000000)
  region size 1024K, 79 young (80896K), 12 survivors (12288K)
 Metaspace       used 54290K, capacity 55721K, committed 55808K, reserved 1097728K
  class space    used 6922K, capacity 7416K, committed 7424K, reserved 1048576K
}
Event: 7.304 GC heap after
{Heap after GC invocations=12 (full 0):
 garbage-first heap   total 189440K, used 49664K [0x0000000080000000, 0x0000000100000000)
  region size 1024K, 4 young (4096K), 4 survivors (4096K)
 Metaspace       used 54290K, capacity 55721K, committed 55808K, reserved 1097728K
  class space    used 6922K, capacity 7416K, committed 7424K, reserved 1048576K
}
Event: 7.758 GC heap before
{Heap before GC invocations=12 (full 0):
 garbage-first heap   total 189440K, used 83456K [0x0000000080000000, 0x0000000100000000)
  region size 1024K, 38 young (38912K), 4 survivors (4096K)
 Metaspace       used 58479K, capacity 60034K, committed 60160K, reserved 1101824K
  class space    used 7449K, capacity 7993K, committed 8064K, reserved 1048576K
}
Event: 7.766 GC heap after
{Heap after GC invocations=13 (full 0):
 garbage-first heap   total 189440K, used 52698K [0x0000000080000000, 0x0000000100000000)
  region size 1024K, 7 young (7168K), 7 survivors (7168K)
 Metaspace       used 58479K, capacity 60034K, committed 60160K, reserved 1101824K
  class space    used 7449K, capacity 7993K, committed 8064K, reserved 1048576K
}
Event: 8.585 GC heap before
{Heap before GC invocations=14 (full 0):
 garbage-first heap   total 189440K, used 134618K [0x0000000080000000, 0x0000000100000000)
  region size 1024K, 87 young (89088K), 7 survivors (7168K)
 Metaspace       used 64912K, capacity 66480K, committed 66816K, reserved 1107968K
  class space    used 8287K, capacity 8874K, committed 8960K, reserved 1048576K
}
Event: 8.602 GC heap after
{Heap after GC invocations=15 (full 0):
 garbage-first heap   total 189440K, used 58415K [0x0000000080000000, 0x0000000100000000)
  region size 1024K, 10 young (10240K), 10 survivors (10240K)
 Metaspace       used 64912K, capacity 66480K, committed 66816K, reserved 1107968K
  class space    used 8287K, capacity 8874K, committed 8960K, reserved 1048576K
}
Event: 9.696 GC heap before
{Heap before GC invocations=16 (full 0):
 garbage-first heap   total 189440K, used 139311K [0x0000000080000000, 0x0000000100000000)
  region size 1024K, 89 young (91136K), 10 survivors (10240K)
 Metaspace       used 74029K, capacity 75745K, committed 75904K, reserved 1114112K
  class space    used 9681K, capacity 10363K, committed 10368K, reserved 1048576K
}
Event: 9.709 GC heap after
{Heap after GC invocations=17 (full 0):
 garbage-first heap   total 189440K, used 63216K [0x0000000080000000, 0x0000000100000000)
  region size 1024K, 11 young (11264K), 11 survivors (11264K)
 Metaspace       used 74029K, capacity 75745K, committed 75904K, reserved 1114112K
  class space    used 9681K, capacity 10363K, committed 10368K, reserved 1048576K
}
Event: 10.998 GC heap before
{Heap before GC invocations=17 (full 0):
 garbage-first heap   total 189440K, used 148208K [0x0000000080000000, 0x0000000100000000)
  region size 1024K, 90 young (92160K), 11 survivors (11264K)
 Metaspace       used 80786K, capacity 82766K, committed 82944K, reserved 1120256K
  class space    used 10431K, capacity 11144K, committed 11264K, reserved 1048576K
}
Event: 11.012 GC heap after
{Heap after GC invocations=18 (full 0):
 garbage-first heap   total 189440K, used 69573K [0x0000000080000000, 0x0000000100000000)
  region size 1024K, 11 young (11264K), 11 survivors (11264K)
 Metaspace       used 80786K, capacity 82766K, committed 82944K, reserved 1120256K
  class space    used 10431K, capacity 11144K, committed 11264K, reserved 1048576K
}
Event: 12.009 GC heap before
{Heap before GC invocations=18 (full 0):
 garbage-first heap   total 189440K, used 146373K [0x0000000080000000, 0x0000000100000000)
  region size 1024K, 87 young (89088K), 11 survivors (11264K)
 Metaspace       used 81595K, capacity 83569K, committed 83712K, reserved 1122304K
  class space    used 10498K, capacity 11209K, committed 11264K, reserved 1048576K
}
Event: 12.023 GC heap after
{Heap after GC invocations=19 (full 0):
 garbage-first heap   total 189440K, used 76036K [0x0000000080000000, 0x0000000100000000)
  region size 1024K, 7 young (7168K), 7 survivors (7168K)
 Metaspace       used 81595K, capacity 83569K, committed 83712K, reserved 1122304K
  class space    used 10498K, capacity 11209K, committed 11264K, reserved 1048576K
}
Event: 12.822 GC heap before
{Heap before GC invocations=19 (full 0):
 garbage-first heap   total 189440K, used 148740K [0x0000000080000000, 0x0000000100000000)
  region size 1024K, 79 young (80896K), 7 survivors (7168K)
 Metaspace       used 82290K, capacity 84286K, committed 84608K, reserved 1122304K
  class space    used 10564K, capacity 11295K, committed 11392K, reserved 1048576K
}
Event: 12.833 GC heap after
{Heap after GC invocations=20 (full 0):
 garbage-first heap   total 227328K, used 80457K [0x0000000080000000, 0x0000000100000000)
  region size 1024K, 7 young (7168K), 7 survivors (7168K)
 Metaspace       used 82290K, capacity 84286K, committed 84608K, reserved 1122304K
  class space    used 10564K, capacity 11295K, committed 11392K, reserved 1048576K
}
Event: 14.196 GC heap before
{Heap before GC invocations=20 (full 0):
 garbage-first heap   total 227328K, used 169545K [0x0000000080000000, 0x0000000100000000)
  region size 1024K, 94 young (96256K), 7 survivors (7168K)
 Metaspace       used 86034K, capacity 88036K, committed 88320K, reserved 1126400K
  class space    used 11027K, capacity 11746K, committed 11776K, reserved 1048576K
}
Event: 14.208 GC heap after
{Heap after GC invocations=21 (full 0):
 garbage-first heap   total 227328K, used 83757K [0x0000000080000000, 0x0000000100000000)
  region size 1024K, 10 young (10240K), 10 survivors (10240K)
 Metaspace       used 86034K, capacity 88036K, committed 88320K, reserved 1126400K
  class space    used 11027K, capacity 11746K, committed 11776K, reserved 1048576K
}

